<?xml version="1.0" encoding="UTF-8"?>
<!-- Generated by org.testng.reporters.JUnitReportReporter -->
<testsuite skipped="0" hostname="LAPTOP-UR72A20M" name="com.acti.testcase.TC01_LoginTest" tests="2" failures="0" timestamp="08 Nov 2020 21:13:15 GMT" time="19.661" errors="0">
  <testcase name="TestLoginFunction" time="10.243" classname="com.acti.testcase.TC01_LoginTest"/>
  <testcase name="testVerifyLogo" time="9.418" classname="com.acti.testcase.TC01_LoginTest"/>
</testsuite> <!-- com.acti.testcase.TC01_LoginTest -->
