<?xml version="1.0" encoding="UTF-8"?>
<!-- Generated by org.testng.reporters.JUnitReportReporter -->
<testsuite skipped="0" hostname="LAPTOP-UR72A20M" name="com.acti.testcase.TC02_CreateCustomer" tests="1" failures="0" timestamp="08 Nov 2020 21:12:39 GMT" time="10.770" errors="0">
  <testcase name="testCreateCustomer" time="10.770" classname="com.acti.testcase.TC02_CreateCustomer"/>
</testsuite> <!-- com.acti.testcase.TC02_CreateCustomer -->
