<?xml version="1.0" encoding="UTF-8"?>
<!-- Generated by org.testng.reporters.JUnitReportReporter -->
<testsuite skipped="0" hostname="LAPTOP-UR72A20M" name="com.acti.base.DriverScript" tests="1" failures="0" timestamp="06 Nov 2020 19:42:49 GMT" time="9.247" errors="0">
  <testcase name="initBrowser" time="9.247" classname="com.acti.base.DriverScript"/>
</testsuite> <!-- com.acti.base.DriverScript -->
