<?xml version="1.0" encoding="UTF-8"?>
<!-- Generated by org.testng.reporters.JUnitReportReporter -->
<testsuite skipped="0" hostname="LAPTOP-UR72A20M" name="com.acti.testcase.TC01_LoginTest" tests="2" failures="0" timestamp="07 Nov 2020 01:51:48 GMT" time="20.636" errors="0">
  <testcase name="TestLoginFunction" time="9.915" classname="com.acti.testcase.TC01_LoginTest"/>
  <testcase name="testVerifyLogo" time="10.721" classname="com.acti.testcase.TC01_LoginTest"/>
</testsuite> <!-- com.acti.testcase.TC01_LoginTest -->
