<?xml version="1.0" encoding="UTF-8"?>
<!-- Generated by org.testng.reporters.JUnitReportReporter -->
<testsuite skipped="0" hostname="LAPTOP-UR72A20M" name="com.acti.testcase.TC03_DeleteCustomer" tests="1" failures="0" timestamp="16 Nov 2020 03:01:34 GMT" time="36.302" errors="0">
  <testcase name="testDeleteCustomer" time="36.302" classname="com.acti.testcase.TC03_DeleteCustomer"/>
</testsuite> <!-- com.acti.testcase.TC03_DeleteCustomer -->
