<?xml version="1.0" encoding="UTF-8"?>
<!-- Generated by org.testng.reporters.JUnitReportReporter -->
<testsuite skipped="0" hostname="LAPTOP-UR72A20M" name="com.acti.testcase.TC02_CreateCustomer" tests="1" failures="0" timestamp="18 Nov 2020 17:17:09 GMT" time="10.641" errors="0">
  <testcase name="testCreateCustomer" time="10.641" classname="com.acti.testcase.TC02_CreateCustomer"/>
</testsuite> <!-- com.acti.testcase.TC02_CreateCustomer -->
