<?xml version="1.0" encoding="UTF-8"?>
<!-- Generated by org.testng.reporters.JUnitReportReporter -->
<testsuite skipped="0" hostname="LAPTOP-UR72A20M" name="com.acti.testcase.TC01_LoginTest" tests="7" failures="0" timestamp="17 Nov 2020 03:36:29 GMT" time="69.557" errors="0">
  <testcase name="testLoginWithMultipleUsers" time="9.835" classname="com.acti.testcase.TC01_LoginTest"/>
  <testcase name="testVerifyLogo" time="9.619" classname="com.acti.testcase.TC01_LoginTest"/>
  <testcase name="testLoginWithMultipleUsers" time="9.864" classname="com.acti.testcase.TC01_LoginTest"/>
  <testcase name="testLoginWithMultipleUsers" time="9.879" classname="com.acti.testcase.TC01_LoginTest"/>
  <testcase name="testLoginWithMultipleUsers" time="9.760" classname="com.acti.testcase.TC01_LoginTest"/>
  <testcase name="testLoginWithMultipleUsers" time="10.661" classname="com.acti.testcase.TC01_LoginTest"/>
  <testcase name="TestLoginFunction" time="9.939" classname="com.acti.testcase.TC01_LoginTest"/>
</testsuite> <!-- com.acti.testcase.TC01_LoginTest -->
