<?xml version="1.0" encoding="UTF-8"?>
<!-- Generated by org.testng.reporters.JUnitReportReporter -->
<testsuite skipped="0" hostname="LAPTOP-UR72A20M" name="com.acti.testcase.TC02_CreateCustomer" tests="1" failures="0" timestamp="16 Nov 2020 03:00:48 GMT" time="12.042" errors="0">
  <testcase name="testCreateCustomer" time="12.042" classname="com.acti.testcase.TC02_CreateCustomer"/>
</testsuite> <!-- com.acti.testcase.TC02_CreateCustomer -->
